<?xml version="1.0" encoding="UTF-8"?>
<!-- Generated by org.testng.reporters.JUnitReportReporter -->
<testsuite skipped="0" hostname="ip-172-31-86-107" name="test.SignUpTest" tests="1" failures="0" timestamp="22 Dec 2021 06:16:47 GMT" time="1.522" errors="0">
  <testcase name="singup" time="1.522" classname="test.SignUpTest"/>
</testsuite> <!-- test.SignUpTest -->
