<?xml version="1.0" encoding="UTF-8"?>
<!-- Generated by org.testng.reporters.JUnitReportReporter -->
<testsuite skipped="0" hostname="ip-172-31-86-107" name="test.LoginTest" tests="1" failures="0" timestamp="22 Dec 2021 07:37:21 GMT" time="0.318" errors="0">
  <testcase name="login" time="0.318" classname="test.LoginTest"/>
</testsuite> <!-- test.LoginTest -->
