<?xml version="1.0" encoding="UTF-8"?>
<!-- Generated by org.testng.reporters.JUnitReportReporter -->
<testsuite skipped="0" hostname="ip-172-31-86-107" name="test.PaymentTest" tests="1" failures="0" timestamp="22 Dec 2021 07:37:21 GMT" time="0.270" errors="0">
  <testcase name="payment" time="0.270" classname="test.PaymentTest"/>
</testsuite> <!-- test.PaymentTest -->
