<?xml version="1.0" encoding="UTF-8"?>
<!-- Generated by org.testng.reporters.JUnitReportReporter -->
<testsuite skipped="0" hostname="ip-172-31-86-107" name="test.CheckOutTest" tests="1" failures="0" timestamp="22 Dec 2021 07:37:21 GMT" time="0.299" errors="0">
  <testcase name="checkout" time="0.299" classname="test.CheckOutTest"/>
</testsuite> <!-- test.CheckOutTest -->
